c:\users\mmplab\desktop\cximage\cximage\debug\vc120.pdb
c:\users\mmplab\desktop\cximage\cximage\debug\vc120.idb
c:\users\mmplab\desktop\cximage\cximage\debug\ximajas.obj
c:\users\mmplab\desktop\cximage\cximage\debug\ximajbg.obj
c:\users\mmplab\desktop\cximage\cximage\debug\ximajpg.obj
c:\users\mmplab\desktop\cximage\cximage\debug\ximalpha.obj
c:\users\mmplab\desktop\cximage\cximage\debug\ximalyr.obj
c:\users\mmplab\desktop\cximage\cximage\debug\ximamng.obj
c:\users\mmplab\desktop\cximage\cximage\debug\ximapal.obj
c:\users\mmplab\desktop\cximage\cximage\debug\ximapcx.obj
c:\users\mmplab\desktop\cximage\cximage\debug\ximapng.obj
c:\users\mmplab\desktop\cximage\cximage\debug\ximaraw.obj
c:\users\mmplab\desktop\cximage\cximage\debug\ximasel.obj
c:\users\mmplab\desktop\cximage\cximage\debug\ximaska.obj
c:\users\mmplab\desktop\cximage\cximage\debug\ximatga.obj
c:\users\mmplab\desktop\cximage\cximage\debug\ximath.obj
c:\users\mmplab\desktop\cximage\cximage\debug\ximatif.obj
c:\users\mmplab\desktop\cximage\cximage\debug\ximatran.obj
c:\users\mmplab\desktop\cximage\cximage\debug\ximawbmp.obj
c:\users\mmplab\desktop\cximage\cximage\debug\ximawmf.obj
c:\users\mmplab\desktop\cximage\cximage\debug\ximawnd.obj
c:\users\mmplab\desktop\cximage\cximage\debug\xmemfile.obj
c:\users\mmplab\desktop\cximage\cximage\debug\tif_xfile.obj
c:\users\mmplab\desktop\cximage\cximage\debug\ximabmp.obj
c:\users\mmplab\desktop\cximage\cximage\debug\ximadsp.obj
c:\users\mmplab\desktop\cximage\cximage\debug\ximaenc.obj
c:\users\mmplab\desktop\cximage\cximage\debug\ximaexif.obj
c:\users\mmplab\desktop\cximage\cximage\debug\ximage.obj
c:\users\mmplab\desktop\cximage\cximage\debug\ximagif.obj
c:\users\mmplab\desktop\cximage\cximage\debug\ximahist.obj
c:\users\mmplab\desktop\cximage\cximage\debug\ximaico.obj
c:\users\mmplab\desktop\cximage\cximage\debug\ximainfo.obj
c:\users\mmplab\desktop\cximage\cximage\debug\ximaint.obj
c:\users\mmplab\desktop\cximage\cximage\debug\cximage.lib
c:\users\mmplab\desktop\cximage\cximage\.\debug\cximage.lib
c:\users\mmplab\desktop\cximage\cximage\debug\cximage.tlog\cl.command.1.tlog
c:\users\mmplab\desktop\cximage\cximage\debug\cximage.tlog\cl.read.1.tlog
c:\users\mmplab\desktop\cximage\cximage\debug\cximage.tlog\cl.write.1.tlog
c:\users\mmplab\desktop\cximage\cximage\debug\cximage.tlog\lib-link.read.1.tlog
c:\users\mmplab\desktop\cximage\cximage\debug\cximage.tlog\lib-link.write.1.tlog
c:\users\mmplab\desktop\cximage\cximage\debug\cximage.tlog\lib.command.1.tlog
